<?xml version="1.0" encoding="UTF-8"?>
<!-- Generated by org.testng.reporters.JUnitXMLReporter -->
<testsuite ignored="0" hostname="DESKTOP-P1QCADH" failures="2" tests="2" name="Test" time="55.818" errors="0" timestamp="2025-11-12T12:14:05 IST">
  <testcase classname="com.baseclass.CustomizeTestNGCucumberRunner" name="runScenario" time="26.437">
    <failure type="java.lang.RuntimeException" message=" Could not connect to Selenium Grid after multiple attempts.">
      <![CDATA[java.lang.RuntimeException:  Could not connect to Selenium Grid after multiple attempts.
at com.baseclass.DriverManager.createRemoteDriver(DriverManager.java:108)
at com.baseclass.DriverManager.createDriverFromConfig(DriverManager.java:30)
at com.hooks.Hooks.beforeScenario(Hooks.java:21)
]]>
    </failure>
  </testcase> <!-- runScenario -->
  <testcase classname="com.baseclass.CustomizeTestNGCucumberRunner" name="runScenario" time="25.183">
    <failure type="java.lang.RuntimeException" message=" Could not connect to Selenium Grid after multiple attempts.">
      <![CDATA[java.lang.RuntimeException:  Could not connect to Selenium Grid after multiple attempts.
at com.baseclass.DriverManager.createRemoteDriver(DriverManager.java:108)
at com.baseclass.DriverManager.createDriverFromConfig(DriverManager.java:30)
at com.hooks.Hooks.beforeScenario(Hooks.java:21)
]]>
    </failure>
  </testcase> <!-- runScenario -->
</testsuite> <!-- Test -->
