<?xml version="1.0" encoding="UTF-8"?>
<!-- Generated by org.testng.reporters.JUnitXMLReporter -->
<testsuite ignored="0" hostname="DESKTOP-P1QCADH" failures="2" tests="2" name="Chrome Test" time="5.568" errors="0" timestamp="2025-11-09T15:40:26 IST">
  <testcase classname="com.baseclass.CustomizeTestNGCucumberRunner" name="runScenario" time="0.488">
    <failure type="java.lang.NullPointerException" message="Cannot invoke &amp;quot;org.openqa.selenium.JavascriptExecutor.executeScript(String, Object[])&amp;quot; because &amp;quot;js&amp;quot; is null">
      <![CDATA[java.lang.NullPointerException: Cannot invoke "org.openqa.selenium.JavascriptExecutor.executeScript(String, Object[])" because "js" is null
at com.utility.WaitUtils.safeClick(WaitUtils.java:76)
at com.pages.HomePage.clickOnSignIn(HomePage.java:33)
at com.stepdef.HomepageStepDef.user_clicks_on_sign_in(HomepageStepDef.java:26)
at ✽.user clicks on signIn(file:///C:/Users/meena/itm/dsaLearning/docker/src/test/resources/Feature/Test.feature:5)
]]>
    </failure>
  </testcase> <!-- runScenario -->
  <testcase classname="com.baseclass.CustomizeTestNGCucumberRunner" name="runScenario" time="0.046">
    <failure type="java.lang.NullPointerException" message="Cannot invoke &amp;quot;org.openqa.selenium.JavascriptExecutor.executeScript(String, Object[])&amp;quot; because &amp;quot;js&amp;quot; is null">
      <![CDATA[java.lang.NullPointerException: Cannot invoke "org.openqa.selenium.JavascriptExecutor.executeScript(String, Object[])" because "js" is null
at com.utility.WaitUtils.safeClick(WaitUtils.java:76)
at com.pages.HomePage.clickOnSignIn(HomePage.java:33)
at com.stepdef.HomepageStepDef.user_clicks_on_sign_in(HomepageStepDef.java:26)
at ✽.user clicks on signIn(file:///C:/Users/meena/itm/dsaLearning/docker/src/test/resources/Feature/Test.feature:29)
]]>
    </failure>
  </testcase> <!-- runScenario -->
</testsuite> <!-- Chrome Test -->
