<?xml version="1.0" encoding="UTF-8"?>
<!-- Generated by org.testng.reporters.JUnitReportReporter -->
<testsuite hostname="DESKTOP-P1QCADH" failures="0" tests="2" name="com.runner.Runner" time="51.620" errors="2" timestamp="2025-11-12T12:14:05 IST" skipped="0">
  <testcase classname="com.runner.Runner" name="runScenario" time="26.437">
    <error message=" Could not connect to Selenium Grid after multiple attempts." type="java.lang.RuntimeException">
      <![CDATA[java.lang.RuntimeException:  Could not connect to Selenium Grid after multiple attempts.
at com.baseclass.DriverManager.createRemoteDriver(DriverManager.java:108)
at com.baseclass.DriverManager.createDriverFromConfig(DriverManager.java:30)
at com.hooks.Hooks.beforeScenario(Hooks.java:21)
]]>
    </error>
  </testcase> <!-- runScenario -->
  <testcase classname="com.runner.Runner" name="runScenario" time="25.183">
    <error message=" Could not connect to Selenium Grid after multiple attempts." type="java.lang.RuntimeException">
      <![CDATA[java.lang.RuntimeException:  Could not connect to Selenium Grid after multiple attempts.
at com.baseclass.DriverManager.createRemoteDriver(DriverManager.java:108)
at com.baseclass.DriverManager.createDriverFromConfig(DriverManager.java:30)
at com.hooks.Hooks.beforeScenario(Hooks.java:21)
]]>
    </error>
  </testcase> <!-- runScenario -->
</testsuite> <!-- com.runner.Runner -->
